        -:    0:Source:C:/Users/oskar/Desktop/GraHexxagon_Projekt/_AI/AI.cpp
        -:    0:Graph:C:\Users\oskar\Desktop\GraHexxagon_Projekt\cmake-build-debug-coverage\CMakeFiles\GraHexxagon_Projekt.dir\_AI\AI.cpp.gcno
        -:    0:Data:C:\Users\oskar\Desktop\GraHexxagon_Projekt\cmake-build-debug-coverage\CMakeFiles\GraHexxagon_Projekt.dir\_AI\AI.cpp.gcda
        -:    0:Runs:1
        -:    0:Programs:1
        -:    1:#include "../_Game/Board.h"
        -:    2:#include "../_Game/Field.h"
        -:    3:#include "AI.h"
        -:    4:#include "queue"
        -:    5:
        -:    6:using namespace std;
        -:    7:
function _ZN2AIC2ER5Board called 0 returned 0% blocks executed 0%
    #####:    8:AI::AI(Board &board) {
    $$$$$:    8-block  0
    $$$$$:    8-block  1
call    0 never executed
    #####:    9:    this->board=&board;
    #####:   10:}
        -:   11:
function _ZN2AI12findNextMoveEc called 0 returned 0% blocks executed 0%
    #####:   12:std::pair<Field *, Field *> AI::findNextMove(char playerCode) {
    $$$$$:   12-block  0
    #####:   13:    while(!moves.empty())moves.pop();
    $$$$$:   13-block  0
call    0 never executed
branch  1 never executed
branch  2 never executed
    $$$$$:   13-block  1
call    3 never executed
    #####:   14:    for(Field* f : Field::getFieldsBoard())
    $$$$$:   14-block  0
call    0 never executed
call    1 never executed
call    2 never executed
    $$$$$:   14-block  1
call    3 never executed
branch  4 never executed
branch  5 never executed
    $$$$$:   14-block  2
call    6 never executed
    $$$$$:   14-block  3
call    7 never executed
    #####:   15:        if(f->getCode()==playerCode){
call    0 never executed
branch  1 never executed
branch  2 never executed
    $$$$$:   15-block  0
branch  3 never executed
branch  4 never executed
    #####:   16:            for (Field *allowed: f->getOneLayersNext())
    $$$$$:   16-block  0
call    0 never executed
branch  1 never executed
branch  2 never executed
    $$$$$:   16-block  1
call    3 never executed
call    4 never executed
    $$$$$:   16-block  2
call    5 never executed
branch  6 never executed
branch  7 never executed
    $$$$$:   16-block  3
call    8 never executed
    $$$$$:   16-block  4
call    9 never executed
    #####:   17:                if (allowed->getCode() == board->field_symbol) {
call    0 never executed
branch  1 never executed
branch  2 never executed
    $$$$$:   17-block  0
branch  3 never executed
branch  4 never executed
    #####:   18:                    pair<Field *, Field *> move = std::make_pair(f, allowed);
    $$$$$:   18-block  0
call    0 never executed
branch  1 never executed
branch  2 never executed
    #####:   19:                    int score = this->scoreOfMove(move,playerCode);
    $$$$$:   19-block  0
call    0 never executed
branch  1 never executed
branch  2 never executed
    #####:   20:                    moves.push(make_pair(score, move));
    $$$$$:   20-block  0
call    0 never executed
branch  1 never executed
branch  2 never executed
    $$$$$:   20-block  1
call    3 never executed
branch  4 never executed
branch  5 never executed
    $$$$$:   20-block  2
    %%%%%:   20-block  3
    %%%%%:   20-block  4
    %%%%%:   20-block  5
        -:   21:                }
    #####:   22:            for (Field *allowed: f->getTwoLayersNext())
    $$$$$:   22-block  0
call    0 never executed
branch  1 never executed
branch  2 never executed
    $$$$$:   22-block  1
call    3 never executed
call    4 never executed
    $$$$$:   22-block  2
call    5 never executed
branch  6 never executed
branch  7 never executed
    $$$$$:   22-block  3
call    8 never executed
    $$$$$:   22-block  4
call    9 never executed
    $$$$$:   22-block  5
    #####:   23:                if (allowed->getCode() == board->field_symbol) {
call    0 never executed
branch  1 never executed
branch  2 never executed
    $$$$$:   23-block  0
branch  3 never executed
branch  4 never executed
    #####:   24:                    pair<Field *, Field *> move = std::make_pair(f, allowed);
    $$$$$:   24-block  0
call    0 never executed
branch  1 never executed
branch  2 never executed
    #####:   25:                    int score = this->scoreOfMove(move,playerCode)-1;
    $$$$$:   25-block  0
call    0 never executed
branch  1 never executed
branch  2 never executed
    #####:   26:                    moves.push(make_pair(score, move));
    $$$$$:   26-block  0
call    0 never executed
branch  1 never executed
branch  2 never executed
    $$$$$:   26-block  1
call    3 never executed
branch  4 never executed
branch  5 never executed
    $$$$$:   26-block  2
    %%%%%:   26-block  3
    %%%%%:   26-block  4
    %%%%%:   26-block  5
        -:   27:                }
        -:   28:        }
    #####:   29:    return moves.top().second;
    $$$$$:   29-block  0
call    0 never executed
    $$$$$:   29-block  1
        -:   30:}
        -:   31:
function _ZN2AI11scoreOfMoveESt4pairIP5FieldS2_Ec called 0 returned 0% blocks executed 0%
    #####:   32:int AI::scoreOfMove(std::pair<Field*, Field*> move, char playerCode) {
    $$$$$:   32-block  0
    #####:   33:    int score=1;
    #####:   34:    for (Field* next : move.second->getOneLayersNext())
    $$$$$:   34-block  0
call    0 never executed
branch  1 never executed
branch  2 never executed
    $$$$$:   34-block  1
call    3 never executed
call    4 never executed
    $$$$$:   34-block  2
call    5 never executed
branch  6 never executed
branch  7 never executed
    $$$$$:   34-block  3
call    8 never executed
    $$$$$:   34-block  4
call    9 never executed
    #####:   35:        if(next->getCode()==(playerCode==board->player_one?board->player_two:board->player_one))
call    0 never executed
branch  1 never executed
branch  2 never executed
    $$$$$:   35-block  0
branch  3 never executed
branch  4 never executed
    $$$$$:   35-block  1
    $$$$$:   35-block  2
    $$$$$:   35-block  3
branch  5 never executed
branch  6 never executed
    #####:   36:            score++;
    $$$$$:   36-block  0
        -:   37:
    #####:   38:    return score;
    $$$$$:   38-block  0
    $$$$$:   38-block  1
        -:   39:}
