        -:    0:Source:C:/Users/oskar/Desktop/GraHexxagon_Projekt/_Game/Field.h
        -:    0:Graph:C:\Users\oskar\Desktop\GraHexxagon_Projekt\cmake-build-debug-coverage\CMakeFiles\GraHexxagon_Projekt.dir\_AI\AI.cpp.gcno
        -:    0:Data:C:\Users\oskar\Desktop\GraHexxagon_Projekt\cmake-build-debug-coverage\CMakeFiles\GraHexxagon_Projekt.dir\_AI\AI.cpp.gcda
        -:    0:Runs:1
        -:    0:Programs:1
        -:    1:#include "vector"
        -:    2:#include "Board.h"
        -:    3:#include "SFML/Graphics.hpp"
        -:    4:#ifndef GRAHEXXAGON_PROJEKT_FIELD_H
        -:    5:#define GRAHEXXAGON_PROJEKT_FIELD_H
        -:    6:
        -:    7:
        -:    8:class Field {
        -:    9:private:
        -:   10:    static vector<Field*> fieldBoard;
        -:   11:    static Board* board;
        -:   12:    static void reinterprateBoard();
        -:   13:
        -:   14:    char code=0;
        -:   15:    const int degreeBasedShapeTransform = 30;
        -:   16:    const float xScale = 1.7f;
        -:   17:    const float yScale = 1.f;
        -:   18:    const int xMove = 40;
        -:   19:    const int yMove = 20;
        -:   20:    const float shapeSize=28.f;
        -:   21:
        -:   22:    sf::CircleShape shape;
        -:   23:    std::vector<Field*> oneLayersNext;
        -:   24:    std::vector<Field*> twoLayersNext;
        -:   25:public:
        -:   26:    int xPoz,yPoz;
        -:   27:    static void setBoard(Board& board);
        -:   28:    static void drawFiledBoard(sf::RenderWindow& window);
        -:   29:
        -:   30:    bool highLighted= false;
        -:   31:
        -:   32:    Field(int xPoz, int yPoz, char code);
        -:   33:    Field(int xPoz, int yPoz);
        -:   34:    void changeCode(char code);
        -:   35:    void printField(sf::RenderWindow& window);
        -:   36:    int getPlayerNumber();
        -:   37:
        -:   38:    void onClick();
        -:   39:
        -:   40:    char getCode();
        -:   41:    sf::CircleShape getShape(){return this->shape;}
        -:   42:
        -:   43:    vector<Field*>& getOneLayersNext();
        -:   44:    vector<Field*>& getTwoLayersNext();
function _ZN5Field14getFieldsBoardEv called 0 returned 0% blocks executed 0%
    #####:   45:    static vector<Field*>& getFieldsBoard(){return fieldBoard;}
    $$$$$:   45-block  0
    $$$$$:   45-block  1
        -:   46:};
        -:   47:
        -:   48:
        -:   49:#endif //GRAHEXXAGON_PROJEKT_FIELD_H
