        -:    0:Source:C:/Users/oskar/Desktop/GraHexxagon_Projekt/_Graphic/AppGUI.cpp
        -:    0:Graph:C:\Users\oskar\Desktop\GraHexxagon_Projekt\cmake-build-debug-coverage\CMakeFiles\GraHexxagon_Projekt.dir\_Graphic\AppGUI.cpp.gcno
        -:    0:Data:C:\Users\oskar\Desktop\GraHexxagon_Projekt\cmake-build-debug-coverage\CMakeFiles\GraHexxagon_Projekt.dir\_Graphic\AppGUI.cpp.gcda
        -:    0:Runs:1
        -:    0:Programs:1
        -:    1:#include "SFML/Graphics.hpp"
        -:    2:#include "../_Game/Board.h"
        -:    3:#include "AppGUI.h"
        -:    4:#include <Windows.h>
        -:    5:#include "../_Game/Game.h"
        -:    6:#include "../_Game/Field.h"
        -:    7:#include "iostream"
        -:    8:#include "EventMenager.h"
        -:    9:#include "Scene.h"
        -:   10:#include "../_Menu/Menu.h"
        -:   11:
        -:   12://#define DEBUG_CONFIG
        -:   13:
        -:   14:using namespace sf;
        -:   15:using namespace std;
        -:   16:
        1:   17:Time AppGUI::deltaTime;
call    0 returned 1
        -:   18:AppGUI* AppGUI::activeAppGui;
        -:   19:
function _ZN6AppGUIC2Ev called 1 returned 100% blocks executed 63%
        2:   20:AppGUI::AppGUI(){
        1:   20-block  0
        1:   20-block  1
call    0 returned 1
call    1 returned 1
call    2 returned 1
branch  3 taken 1 (fallthrough)
branch  4 taken 0 (throw)
        1:   20-block  2
call    5 returned 1
    %%%%%:   20-block  3
call    6 never executed
    %%%%%:   20-block  4
    %%%%%:   20-block  5
call    7 never executed
    %%%%%:   20-block  6
call    8 never executed
        1:   21:    activeAppGui = this;
        1:   22:    sf::Clock clock;
call    0 returned 1
branch  1 taken 1 (fallthrough)
branch  2 taken 0 (throw)
        1:   23:    window.create(VideoMode(this->window_width, this->window_height), this->window_name, Style::Close);
        1:   23-block  0
call    0 returned 1
call    1 returned 1
call    2 returned 1
branch  3 taken 1 (fallthrough)
branch  4 taken 0 (throw)
        1:   23-block  1
call    5 returned 1
branch  6 taken 1 (fallthrough)
branch  7 taken 0 (throw)
        1:   23-block  2
call    8 returned 1
branch  9 taken 1 (fallthrough)
branch 10 taken 0 (throw)
        1:   23-block  3
call   11 returned 1
call   12 returned 1
    %%%%%:   23-block  4
    %%%%%:   23-block  5
call   13 never executed
    %%%%%:   23-block  6
    %%%%%:   23-block  7
call   14 never executed
    %%%%%:   23-block  8
    %%%%%:   23-block  9
        2:   24:    Image image = Image();
call    0 returned 1
branch  1 taken 1 (fallthrough)
branch  2 taken 0 (throw)
        1:   24-block  0
call    3 returned 1
    %%%%%:   24-block  1
call    4 never executed
    %%%%%:   24-block  2
        1:   25:    if(image.loadFromFile("../_Graphic/hexagon.png")) {
        1:   25-block  0
call    0 returned 1
call    1 returned 1
branch  2 taken 1 (fallthrough)
branch  3 taken 0 (throw)
        1:   25-block  1
call    4 returned 1
branch  5 taken 1 (fallthrough)
branch  6 taken 0 (throw)
        1:   25-block  2
call    7 returned 1
call    8 returned 1
branch  9 taken 1 (fallthrough)
branch 10 taken 0
    %%%%%:   25-block  3
call   11 never executed
    %%%%%:   25-block  4
    %%%%%:   25-block  5
call   12 never executed
    %%%%%:   25-block  6
        1:   26:        window.setIcon(image.getSize().x, image.getSize().y, image.getPixelsPtr());
        1:   26-block  0
call    0 returned 1
branch  1 taken 1 (fallthrough)
branch  2 taken 0 (throw)
        1:   26-block  1
call    3 returned 1
branch  4 taken 1 (fallthrough)
branch  5 taken 0 (throw)
        1:   26-block  2
call    6 returned 1
branch  7 taken 1 (fallthrough)
branch  8 taken 0 (throw)
        1:   26-block  3
call    9 returned 1
branch 10 taken 1 (fallthrough)
branch 11 taken 0 (throw)
        1:   26-block  4
        -:   27:    }
        1:   28:    this->activeScene = new Menu(window);
        1:   28-block  0
call    0 returned 1
branch  1 taken 1 (fallthrough)
branch  2 taken 0 (throw)
        1:   28-block  1
call    3 returned 1
branch  4 taken 1 (fallthrough)
branch  5 taken 0 (throw)
        1:   28-block  2
    %%%%%:   28-block  3
call    6 never executed
    %%%%%:   28-block  4
        -:   29:
     5493:   30:    while (window.isOpen()){
     5493:   30-block  0
call    0 returned 5493
branch  1 taken 5493 (fallthrough)
branch  2 taken 0 (throw)
     5493:   30-block  1
branch  3 taken 5492 (fallthrough)
branch  4 taken 1
     5492:   30-block  2
     5492:   31:        deltaTime  = clock.restart();
     5492:   31-block  0
call    0 returned 5492
branch  1 taken 5492 (fallthrough)
branch  2 taken 0 (throw)
        -:   32:        sf::Event event;
     6279:   33:        while (window.pollEvent(event)) {
     6279:   33-block  0
call    0 returned 6279
branch  1 taken 6279 (fallthrough)
branch  2 taken 0 (throw)
     6279:   33-block  1
branch  3 taken 787 (fallthrough)
branch  4 taken 5492
      787:   33-block  2
      787:   34:            if (event.type == sf::Event::Closed)
      787:   34-block  0
branch  0 taken 1 (fallthrough)
branch  1 taken 786
        1:   35:                window.close();
        1:   35-block  0
call    0 returned 1
branch  1 taken 1 (fallthrough)
branch  2 taken 0 (throw)
        1:   35-block  1
      787:   36:            EventMenager::eventHandler(event, window);
      787:   36-block  0
call    0 returned 787
branch  1 taken 787 (fallthrough)
branch  2 taken 0 (throw)
        -:   37:        }
     5492:   38:        window.clear(this->background_color);
     5492:   38-block  0
call    0 returned 5492
branch  1 taken 5492 (fallthrough)
branch  2 taken 0 (throw)
     5492:   39:        this->update();
     5492:   39-block  0
call    0 returned 5492
branch  1 taken 5492 (fallthrough)
branch  2 taken 0 (throw)
     5492:   40:        window.display();
     5492:   40-block  0
call    0 returned 5492
branch  1 taken 5492 (fallthrough)
branch  2 taken 0 (throw)
        -:   41:    }
        1:   42:}
        -:   43:
function _ZN6AppGUI6updateEv called 5492 returned 100% blocks executed 100%
     5492:   44:void AppGUI::update() {
     5492:   44-block  0
     5492:   45:    activeScene->tick();
     5492:   45-block  0
call    0 returned 5492
     5492:   46:}
        -:   47:
function _ZN6AppGUI11changeSceneER5Scene called 1 returned 100% blocks executed 100%
        1:   48:void AppGUI::changeScene(Scene &scene) {
        1:   48-block  0
        1:   49:    this->activeScene=&scene;
function _GLOBAL__sub_I__ZN6AppGUI9deltaTimeE called 1 returned 100% blocks executed 100%
function _Z41__static_initialization_and_destruction_0ii called 1 returned 100% blocks executed 100%
        4:   50:}
        1:   50-block  0
        1:   50-block  1
call    0 returned 1
        1:   50-block  2
        1:   50-block  3
branch  1 taken 1 (fallthrough)
branch  2 taken 0
        1:   50-block  4
branch  3 taken 1 (fallthrough)
branch  4 taken 0
