        -:    0:Source:C:/Users/oskar/Desktop/GraHexxagon_Projekt/_Menu/Button.cpp
        -:    0:Graph:C:\Users\oskar\Desktop\GraHexxagon_Projekt\cmake-build-debug-coverage\CMakeFiles\GraHexxagon_Projekt.dir\_Menu\Button.cpp.gcno
        -:    0:Data:C:\Users\oskar\Desktop\GraHexxagon_Projekt\cmake-build-debug-coverage\CMakeFiles\GraHexxagon_Projekt.dir\_Menu\Button.cpp.gcda
        -:    0:Runs:1
        -:    0:Programs:1
        -:    1:#include "Button.h"
        -:    2:#include "../_Graphic/EventMenager.h"
        -:    3:#include "iostream"
        -:    4:
function _ZN6ButtonC2Ev called 0 returned 0% blocks executed 0%
    #####:    5:Button::Button() {
    $$$$$:    5-block  0
    $$$$$:    5-block  1
call    0 never executed
call    1 never executed
branch  2 never executed
branch  3 never executed
    $$$$$:    5-block  2
call    4 never executed
branch  5 never executed
branch  6 never executed
    $$$$$:    5-block  3
call    7 never executed
call    8 never executed
branch  9 never executed
branch 10 never executed
    %%%%%:    5-block  4
    %%%%%:    5-block  5
call   11 never executed
    %%%%%:    5-block  6
call   12 never executed
    %%%%%:    5-block  7
call   13 never executed
    %%%%%:    5-block  8
call   14 never executed
    #####:    6:    this->setStyle();
call    0 never executed
branch  1 never executed
branch  2 never executed
    #####:    7:    EventMenager::addButtonsButtons(*this);
    $$$$$:    7-block  0
call    0 never executed
branch  1 never executed
branch  2 never executed
    #####:    8:}
    $$$$$:    8-block  0
        -:    9:
function _ZN6ButtonC2ENSt7__cxx1112basic_stringIcSt11char_traitsIcESaIcEEE called 2 returned 100% blocks executed 58%
        4:   10:Button::Button(std::string text) {
        2:   10-block  0
        2:   10-block  1
call    0 returned 2
call    1 returned 2
branch  2 taken 2 (fallthrough)
branch  3 taken 0 (throw)
        2:   10-block  2
call    4 returned 2
branch  5 taken 2 (fallthrough)
branch  6 taken 0 (throw)
        2:   10-block  3
call    7 returned 2
call    8 returned 2
branch  9 taken 2 (fallthrough)
branch 10 taken 0 (throw)
    %%%%%:   10-block  4
    %%%%%:   10-block  5
call   11 never executed
    %%%%%:   10-block  6
call   12 never executed
    %%%%%:   10-block  7
call   13 never executed
    %%%%%:   10-block  8
call   14 never executed
        2:   11:    this->texOfButton=text;
call    0 returned 2
branch  1 taken 2 (fallthrough)
branch  2 taken 0 (throw)
        2:   12:    this->setStyle();
        2:   12-block  0
call    0 returned 2
branch  1 taken 2 (fallthrough)
branch  2 taken 0 (throw)
        2:   13:    EventMenager::addButtonsButtons(*this);
        2:   13-block  0
call    0 returned 2
branch  1 taken 2 (fallthrough)
branch  2 taken 0 (throw)
        2:   14:}
        2:   14-block  0
        -:   15:
function _ZN6Button11printButtonERN2sf12RenderWindowE called 8290 returned 100% blocks executed 100%
     8290:   16:void Button::printButton(sf::RenderWindow &window) {
     8290:   16-block  0
     8290:   17:    window.draw(this->endBarBackground);
     8290:   17-block  0
call    0 returned 8290
     8290:   18:    window.draw(this->textbox);
call    0 returned 8290
     8290:   19:}
function _ZN6Button8setStyleEv called 4 returned 100% blocks executed 79%
        4:   20:void Button::setStyle() {
        4:   20-block  0
        4:   21:    generateStyle();
        4:   21-block  0
call    0 returned 4
        4:   22:    this->endBarBackground.setPosition(this->x,this->y);
call    0 returned 4
        4:   23:    this->endBarBackground.setSize(Vector2f(this->textbox.getLocalBounds().width*1.3, this->textbox.getLocalBounds().height*1.7));
call    0 returned 4
call    1 returned 4
branch  2 taken 4 (fallthrough)
branch  3 taken 0 (throw)
        4:   23-block  0
call    4 returned 4
call    5 returned 4
branch  6 taken 4 (fallthrough)
branch  7 taken 0 (throw)
    %%%%%:   23-block  1
    %%%%%:   23-block  2
    %%%%%:   23-block  3
call    8 never executed
        4:   24:    this->textbox.setPosition(this->endBarBackground.getPosition().x+endBarBackground.getSize().x/2-this->textbox.getLocalBounds().width/2,
call    0 returned 4
branch  1 taken 4 (fallthrough)
branch  2 taken 0 (throw)
        4:   24-block  0
call    3 returned 4
branch  4 taken 4 (fallthrough)
branch  5 taken 0 (throw)
        4:   24-block  1
call    6 returned 4
branch  7 taken 4 (fallthrough)
branch  8 taken 0 (throw)
        4:   24-block  2
call    9 returned 4
branch 10 taken 4 (fallthrough)
branch 11 taken 0 (throw)
    %%%%%:   24-block  3
        -:   25:
        4:   26:                              this->endBarBackground.getPosition().y+endBarBackground.getSize().y/2-this->textbox.getLocalBounds().height/1.2);
        4:   26-block  0
call    0 returned 4
call    1 returned 4
call    2 returned 4
        4:   27:}
        4:   27-block  0
function _ZN6Button13generateStyleEv called 4 returned 100% blocks executed 65%
        4:   28:void Button::generateStyle() {
        4:   28-block  0
        4:   29:    if(this->isGenerated)return;
        4:   29-block  0
branch  0 taken 2 (fallthrough)
branch  1 taken 2
        2:   29-block  1
        -:   30:
        2:   31:    this->endBarBackground.setOutlineThickness(5);
        2:   31-block  0
call    0 returned 2
        2:   32:    this->endBarBackground.setOutlineColor(Color::Yellow);
call    0 returned 2
        2:   33:    this->isGenerated=true;
        2:   34:    this->textbox.setCharacterSize(30);
call    0 returned 2
        2:   35:    this->endBarBackground.setFillColor(Color::Black);
call    0 returned 2
        2:   36:    this->font.loadFromFile("../_Menu/Minecraft.ttf");
call    0 returned 2
call    1 returned 2
branch  2 taken 2 (fallthrough)
branch  3 taken 0 (throw)
        2:   36-block  0
call    4 returned 2
branch  5 taken 2 (fallthrough)
branch  6 taken 0 (throw)
        2:   36-block  1
call    7 returned 2
call    8 returned 2
    %%%%%:   36-block  2
call    9 never executed
    %%%%%:   36-block  3
    %%%%%:   36-block  4
call   10 never executed
    %%%%%:   36-block  5
call   11 never executed
        2:   37:    this->textbox.setString(this->texOfButton);
call    0 returned 2
call    1 returned 2
branch  2 taken 2 (fallthrough)
branch  3 taken 0 (throw)
        2:   37-block  0
call    4 returned 2
branch  5 taken 2 (fallthrough)
branch  6 taken 0 (throw)
        2:   37-block  1
call    7 returned 2
call    8 returned 2
    %%%%%:   37-block  2
call    9 never executed
    %%%%%:   37-block  3
    %%%%%:   37-block  4
call   10 never executed
        2:   38:    this->textbox.setFont(font);
call    0 returned 2
        4:   39:    this->textbox.setFillColor(Color::Yellow);
call    0 returned 2
        4:   39-block  0
        -:   40:}
function _ZN6Button11setPositionEff called 2 returned 100% blocks executed 100%
        2:   41:void Button::setPosition(float x, float y) {
        2:   41-block  0
        2:   42:    this->x=x;
        2:   43:    this->y=y;
        2:   44:    setStyle();
        2:   44-block  0
call    0 returned 2
        2:   45:}
function _ZN6Button7onFocusEb called 488 returned 100% blocks executed 100%
      488:   46:void Button::onFocus(bool isFocus) {
      488:   46-block  0
      488:   47:    if(isFocus) {
      488:   47-block  0
branch  0 taken 79 (fallthrough)
branch  1 taken 409
       79:   48:        this->textbox.setFillColor(Color::Blue);
       79:   48-block  0
call    0 returned 79
       79:   49:        this->endBarBackground.setOutlineColor(Color::Blue);
call    0 returned 79
        -:   50:    }else{
      409:   51:        this->textbox.setFillColor(Color::Yellow);
      409:   51-block  0
call    0 returned 409
      409:   52:        this->endBarBackground.setOutlineColor(Color::Yellow);
call    0 returned 409
        -:   53:    }
function _GLOBAL__sub_I__ZN6ButtonC2Ev called 1 returned 100% blocks executed 100%
function _Z41__static_initialization_and_destruction_0ii called 1 returned 100% blocks executed 100%
        4:   54:}
        1:   54-block  0
        1:   54-block  1
call    0 returned 1
        1:   54-block  2
        1:   54-block  3
branch  1 taken 1 (fallthrough)
branch  2 taken 0
        1:   54-block  4
branch  3 taken 1 (fallthrough)
branch  4 taken 0
