        -:    0:Source:C:/Users/oskar/Desktop/GraHexxagon_Projekt/_Game/Game.cpp
        -:    0:Graph:C:\Users\oskar\Desktop\GraHexxagon_Projekt\cmake-build-debug-coverage\CMakeFiles\GraHexxagon_Projekt.dir\_Game\Game.cpp.gcno
        -:    0:Data:C:\Users\oskar\Desktop\GraHexxagon_Projekt\cmake-build-debug-coverage\CMakeFiles\GraHexxagon_Projekt.dir\_Game\Game.cpp.gcda
        -:    0:Runs:1
        -:    0:Programs:1
        -:    1:#include "SFML/Graphics.hpp"
        -:    2:#include "Board.h"
        -:    3:#include "../_Graphic/AppGUI.h"
        -:    4:#include <Windows.h>
        -:    5:#include "Game.h"
        -:    6:#include "../_Graphic/AppGUI.h"
        -:    7:#include "Field.h"
        -:    8:#include "iostream"
        -:    9:#include "../_AI/AI.h"
        -:   10:#include "../_Menu/Button.h"
        -:   11:#include "../_Menu/Menu.h"
        -:   12:#include "../_Graphic/EventMenager.h"
        -:   13:
        -:   14:using namespace sf;
        -:   15:
        -:   16:Game* Game::active_game= nullptr;
function _ZN4Game7getGameEv called 2 returned 100% blocks executed 100%
        2:   17:Game & Game::getGame() {
        2:   17-block  0
        2:   18:    return *active_game;
        2:   18-block  0
        -:   19:}
function _ZN4GameC2ERN2sf12RenderWindowEP5Board called 0 returned 0% blocks executed 0%
    #####:   20:Game::Game(RenderWindow &window, Board *board){
    $$$$$:   20-block  0
    $$$$$:   20-block  1
call    0 never executed
    #####:   21:    active_game=this;
    #####:   22:    this->board=board;
    #####:   23:    this->window=&window;
    #####:   24:    Field::setBoard(*board);
call    0 never executed
    #####:   25:}
function _ZN4GameC2ERN2sf12RenderWindowEP5Boardb called 1 returned 100% blocks executed 56%
        2:   26:Game::Game(RenderWindow &window, Board *board, bool isEnabledAI) {
        1:   26-block  0
        1:   26-block  1
call    0 returned 1
        1:   27:    this->isEnabledAI=isEnabledAI;
        1:   28:    if(isEnabledAI)
branch  0 taken 0 (fallthrough)
branch  1 taken 1
    #####:   29:        this->ai=new AI(*board);
    $$$$$:   29-block  0
call    0 never executed
call    1 never executed
branch  2 never executed
branch  3 never executed
    $$$$$:   29-block  1
    %%%%%:   29-block  2
call    4 never executed
        1:   30:    active_game=this;
        1:   31:    this->board=board;
        1:   32:    this->window=&window;
        1:   33:    Field::setBoard(*board);
        1:   33-block  0
call    0 returned 1
        1:   34:}
        -:   35:
function _ZN4Game15setFocusedFieldER5Field called 2 returned 100% blocks executed 18%
        2:   36:void Game::setFocusedField(Field &field) {
        2:   36-block  0
        2:   37:    if(!canMove)return;
        2:   37-block  0
branch  0 taken 0 (fallthrough)
branch  1 taken 2
    $$$$$:   37-block  1
        2:   38:    if ((field.getPlayerNumber() == 1 && player_move) || (field.getPlayerNumber() == 2 && !player_move)) {
        2:   38-block  0
call    0 returned 2
branch  1 taken 0 (fallthrough)
branch  2 taken 2
    $$$$$:   38-block  1
branch  3 never executed
branch  4 never executed
        2:   38-block  2
call    5 returned 2
branch  6 taken 0 (fallthrough)
branch  7 taken 2
    $$$$$:   38-block  3
branch  8 never executed
branch  9 never executed
    $$$$$:   38-block  4
        2:   38-block  5
        2:   38-block  6
branch 10 taken 0 (fallthrough)
branch 11 taken 2
    #####:   39:        focusedField = &field;
    #####:   40:        for(Field *f : Field::getFieldsBoard())
    $$$$$:   40-block  0
call    0 never executed
call    1 never executed
call    2 never executed
    $$$$$:   40-block  1
call    3 never executed
branch  4 never executed
branch  5 never executed
    $$$$$:   40-block  2
call    6 never executed
    $$$$$:   40-block  3
call    7 never executed
    #####:   41:            if(f->highLighted)f->highLighted= false;
branch  0 never executed
branch  1 never executed
    $$$$$:   41-block  0
    #####:   42:        for(Field *f : field.getOneLayersNext())
    $$$$$:   42-block  0
call    0 never executed
branch  1 never executed
branch  2 never executed
    $$$$$:   42-block  1
call    3 never executed
call    4 never executed
    $$$$$:   42-block  2
call    5 never executed
branch  6 never executed
branch  7 never executed
    $$$$$:   42-block  3
call    8 never executed
call    9 never executed
    #####:   43:            f->highLighted=true;
    #####:   44:        for(Field *f : field.getTwoLayersNext())
    $$$$$:   44-block  0
call    0 never executed
branch  1 never executed
branch  2 never executed
    $$$$$:   44-block  1
call    3 never executed
call    4 never executed
    $$$$$:   44-block  2
call    5 never executed
branch  6 never executed
branch  7 never executed
    $$$$$:   44-block  3
call    8 never executed
call    9 never executed
    $$$$$:   44-block  4
    #####:   45:            f->highLighted=true;
        -:   46:    }
        -:   47:
        2:   48:    if(focusedField!=nullptr && field.getPlayerNumber()==0)
        2:   48-block  0
branch  0 taken 0 (fallthrough)
branch  1 taken 2
    $$$$$:   48-block  1
call    2 never executed
branch  3 never executed
branch  4 never executed
    $$$$$:   48-block  2
        2:   48-block  3
        2:   48-block  4
branch  5 taken 0 (fallthrough)
branch  6 taken 2
    #####:   49:        if(this->moveFromTo(*focusedField,field)){
    $$$$$:   49-block  0
call    0 never executed
branch  1 never executed
branch  2 never executed
    #####:   50:            for(Field *f : Field::getFieldsBoard())
    $$$$$:   50-block  0
call    0 never executed
call    1 never executed
call    2 never executed
    $$$$$:   50-block  1
call    3 never executed
branch  4 never executed
branch  5 never executed
    $$$$$:   50-block  2
call    6 never executed
    $$$$$:   50-block  3
call    7 never executed
    #####:   51:                if(f->highLighted)f->highLighted= false;
branch  0 never executed
branch  1 never executed
    $$$$$:   51-block  0
    #####:   52:            focusedField=nullptr;
    #####:   53:            player_move=!player_move;
    #####:   54:            checkNextMoveAvalable();
    $$$$$:   54-block  0
call    0 never executed
        -:   55:
    #####:   56:            if(isEnabledAI && canMove){
branch  0 never executed
branch  1 never executed
    $$$$$:   56-block  0
branch  2 never executed
branch  3 never executed
    #####:   57:                std::pair<Field*, Field*> move = ai->findNextMove(player_move?board->player_one:board->player_two);
    $$$$$:   57-block  0
branch  0 never executed
branch  1 never executed
    $$$$$:   57-block  1
    $$$$$:   57-block  2
    $$$$$:   57-block  3
call    2 never executed
branch  3 never executed
branch  4 never executed
    #####:   58:                this->moveFromTo(*move.first, *move.second);
    $$$$$:   58-block  0
call    0 never executed
branch  1 never executed
branch  2 never executed
    #####:   59:                player_move=!player_move;
        2:   60:                checkNextMoveAvalable();
    $$$$$:   60-block  0
call    0 never executed
branch  1 never executed
branch  2 never executed
    $$$$$:   60-block  1
    $$$$$:   60-block  2
    $$$$$:   60-block  3
        2:   60-block  4
    %%%%%:   60-block  5
call    3 never executed
    %%%%%:   60-block  6
call    4 never executed
        -:   61:            }
        -:   62:        }
        -:   63:}
function _ZN4Game10moveFromToER5FieldS1_ called 0 returned 0% blocks executed 0%
    #####:   64:bool Game::moveFromTo(Field& toMove, Field& moveOn){
    $$$$$:   64-block  0
    #####:   65:    bool inRnage=false;
    #####:   66:    bool clearToMove= false;
    #####:   67:    for(Field *f : toMove.getOneLayersNext())
    $$$$$:   67-block  0
call    0 never executed
branch  1 never executed
branch  2 never executed
    $$$$$:   67-block  1
call    3 never executed
call    4 never executed
    $$$$$:   67-block  2
call    5 never executed
branch  6 never executed
branch  7 never executed
    $$$$$:   67-block  3
call    8 never executed
    $$$$$:   67-block  4
call    9 never executed
    #####:   68:        if(f->xPoz==moveOn.xPoz && f->yPoz==moveOn.yPoz)
branch  0 never executed
branch  1 never executed
    $$$$$:   68-block  0
branch  2 never executed
branch  3 never executed
    #####:   69:            inRnage=true;
    $$$$$:   69-block  0
    #####:   70:    if(inRnage== false){
    $$$$$:   70-block  0
branch  0 never executed
branch  1 never executed
    #####:   71:        for(Field *f : toMove.getTwoLayersNext())
    $$$$$:   71-block  0
call    0 never executed
branch  1 never executed
branch  2 never executed
    $$$$$:   71-block  1
call    3 never executed
call    4 never executed
    $$$$$:   71-block  2
call    5 never executed
branch  6 never executed
branch  7 never executed
    $$$$$:   71-block  3
call    8 never executed
    $$$$$:   71-block  4
call    9 never executed
    #####:   72:            if(f->xPoz==moveOn.xPoz && f->yPoz==moveOn.yPoz)
branch  0 never executed
branch  1 never executed
    $$$$$:   72-block  0
branch  2 never executed
branch  3 never executed
    #####:   73:                inRnage=true;
    $$$$$:   73-block  0
    #####:   74:        clearToMove=inRnage;
    $$$$$:   74-block  0
        -:   75:    }
    #####:   76:    if(!inRnage)return false;
    $$$$$:   76-block  0
branch  0 never executed
branch  1 never executed
    $$$$$:   76-block  1
    #####:   77:    moveOn.changeCode(toMove.getPlayerNumber()==1?board->player_one:board->player_two);
    $$$$$:   77-block  0
call    0 never executed
branch  1 never executed
branch  2 never executed
    $$$$$:   77-block  1
    $$$$$:   77-block  2
    $$$$$:   77-block  3
call    3 never executed
        -:   78:
        -:   79:    //Nadpisywanie
    #####:   80:    for(Field *f : moveOn.getOneLayersNext())
call    0 never executed
branch  1 never executed
branch  2 never executed
    $$$$$:   80-block  0
call    3 never executed
call    4 never executed
    $$$$$:   80-block  1
call    5 never executed
branch  6 never executed
branch  7 never executed
    $$$$$:   80-block  2
call    8 never executed
    $$$$$:   80-block  3
call    9 never executed
    #####:   81:        if(f->getCode()!=board->field_symbol&&f->getCode()!=toMove.getCode())
call    0 never executed
branch  1 never executed
branch  2 never executed
    $$$$$:   81-block  0
branch  3 never executed
branch  4 never executed
    $$$$$:   81-block  1
call    5 never executed
branch  6 never executed
branch  7 never executed
    $$$$$:   81-block  2
call    8 never executed
branch  9 never executed
branch 10 never executed
    $$$$$:   81-block  3
branch 11 never executed
branch 12 never executed
    $$$$$:   81-block  4
    $$$$$:   81-block  5
    $$$$$:   81-block  6
branch 13 never executed
branch 14 never executed
    #####:   82:            f->changeCode(moveOn.getCode());
    $$$$$:   82-block  0
call    0 never executed
branch  1 never executed
branch  2 never executed
    $$$$$:   82-block  1
call    3 never executed
branch  4 never executed
branch  5 never executed
    $$$$$:   82-block  2
    #####:   83:    if(clearToMove)
    $$$$$:   83-block  0
branch  0 never executed
branch  1 never executed
    #####:   84:        toMove.changeCode(board->field_symbol);
    $$$$$:   84-block  0
call    0 never executed
    #####:   85:    return true;
    $$$$$:   85-block  0
    $$$$$:   85-block  1
    %%%%%:   85-block  2
call    0 never executed
    %%%%%:   85-block  3
call    1 never executed
        -:   86:}
function _ZN4Game21checkNextMoveAvalableEv called 0 returned 0% blocks executed 0%
    #####:   87:void Game::checkNextMoveAvalable(){
    $$$$$:   87-block  0
    #####:   88:    bool scanToCanMove=false;
    #####:   89:    for(Field* f : Field::getFieldsBoard())
    $$$$$:   89-block  0
call    0 never executed
call    1 never executed
call    2 never executed
    $$$$$:   89-block  1
call    3 never executed
branch  4 never executed
branch  5 never executed
    $$$$$:   89-block  2
call    6 never executed
    $$$$$:   89-block  3
call    7 never executed
    #####:   90:        if(f->getCode()==(player_move?board->player_one:board->player_two)){
call    0 never executed
branch  1 never executed
branch  2 never executed
    $$$$$:   90-block  0
branch  3 never executed
branch  4 never executed
    $$$$$:   90-block  1
    $$$$$:   90-block  2
    $$$$$:   90-block  3
branch  5 never executed
branch  6 never executed
    #####:   91:            for(Field* next : f->getOneLayersNext())
    $$$$$:   91-block  0
call    0 never executed
branch  1 never executed
branch  2 never executed
    $$$$$:   91-block  1
call    3 never executed
call    4 never executed
    $$$$$:   91-block  2
call    5 never executed
branch  6 never executed
branch  7 never executed
    $$$$$:   91-block  3
call    8 never executed
    $$$$$:   91-block  4
call    9 never executed
    #####:   92:                if(next->getCode()==board->field_symbol)scanToCanMove=true;
call    0 never executed
branch  1 never executed
branch  2 never executed
    $$$$$:   92-block  0
branch  3 never executed
branch  4 never executed
    $$$$$:   92-block  1
    #####:   93:            for(Field* next : f->getTwoLayersNext())
    $$$$$:   93-block  0
call    0 never executed
branch  1 never executed
branch  2 never executed
    $$$$$:   93-block  1
call    3 never executed
call    4 never executed
    $$$$$:   93-block  2
call    5 never executed
branch  6 never executed
branch  7 never executed
    $$$$$:   93-block  3
call    8 never executed
    $$$$$:   93-block  4
call    9 never executed
    $$$$$:   93-block  5
    #####:   94:                if(next->getCode()==board->field_symbol)scanToCanMove=true;
call    0 never executed
branch  1 never executed
branch  2 never executed
    $$$$$:   94-block  0
branch  3 never executed
branch  4 never executed
    $$$$$:   94-block  1
        -:   95:        }
    #####:   96:    if(!scanToCanMove)endScreenFlag=true;
    $$$$$:   96-block  0
branch  0 never executed
branch  1 never executed
    $$$$$:   96-block  1
    #####:   97:}
    $$$$$:   97-block  0
    %%%%%:   97-block  1
    %%%%%:   97-block  2
function _ZN4Game7endGameEv called 0 returned 0% blocks executed 0%
    #####:   98:void Game::endGame() {
    $$$$$:   98-block  0
    #####:   99:    if(canMove)std::cout<<"Game End";
    $$$$$:   99-block  0
branch  0 never executed
branch  1 never executed
    $$$$$:   99-block  1
call    2 never executed
    #####:  100:    canMove= false;
        -:  101:
    #####:  102:    printEndScreen();
    $$$$$:  102-block  0
call    0 never executed
    #####:  103:}
        -:  104:
        -:  105:Button *but= nullptr;
function _ZN4Game14printEndScreenEv called 0 returned 0% blocks executed 0%
    #####:  106:void Game::printEndScreen() {
    $$$$$:  106-block  0
    #####:  107:    int playerOne=0;
    #####:  108:    int playerTwo=0;
    #####:  109:    for(Field* f : Field::getFieldsBoard()){
    $$$$$:  109-block  0
call    0 never executed
call    1 never executed
call    2 never executed
    $$$$$:  109-block  1
call    3 never executed
branch  4 never executed
branch  5 never executed
    $$$$$:  109-block  2
call    6 never executed
    $$$$$:  109-block  3
call    7 never executed
    #####:  110:        if(f->getCode()==board->player_one)playerOne++;
call    0 never executed
branch  1 never executed
branch  2 never executed
    $$$$$:  110-block  0
branch  3 never executed
branch  4 never executed
    $$$$$:  110-block  1
    #####:  111:        if(f->getCode()==board->player_two)playerTwo++;
    $$$$$:  111-block  0
call    0 never executed
branch  1 never executed
branch  2 never executed
    $$$$$:  111-block  1
branch  3 never executed
branch  4 never executed
    $$$$$:  111-block  2
        -:  112:    }
        -:  113:
    #####:  114:    Vector2<float> barPoz=Vector2f(window->getSize().x/2, window->getSize().y/2);
    $$$$$:  114-block  0
call    0 never executed
branch  1 never executed
branch  2 never executed
    $$$$$:  114-block  1
call    3 never executed
branch  4 never executed
branch  5 never executed
    $$$$$:  114-block  2
call    6 never executed
        -:  115:
    #####:  116:    RectangleShape endBarBackground;
call    0 never executed
call    1 never executed
branch  2 never executed
branch  3 never executed
call    4 never executed
    %%%%%:  116-block  0
    %%%%%:  116-block  1
call    5 never executed
    #####:  117:    endBarBackground.setSize(Vector2f(400,300));
    $$$$$:  117-block  0
call    0 never executed
call    1 never executed
branch  2 never executed
branch  3 never executed
    %%%%%:  117-block  1
    #####:  118:    endBarBackground.setFillColor(Color::Black);
    $$$$$:  118-block  0
call    0 never executed
branch  1 never executed
branch  2 never executed
    #####:  119:    endBarBackground.setPosition(Vector2f(barPoz.x-endBarBackground.getSize().x/2, barPoz.y-endBarBackground.getSize().y/2));
    $$$$$:  119-block  0
call    0 never executed
branch  1 never executed
branch  2 never executed
    $$$$$:  119-block  1
call    3 never executed
branch  4 never executed
branch  5 never executed
    $$$$$:  119-block  2
call    6 never executed
call    7 never executed
branch  8 never executed
branch  9 never executed
    %%%%%:  119-block  3
    #####:  120:    endBarBackground.setOutlineColor(Color::Yellow);
    $$$$$:  120-block  0
call    0 never executed
branch  1 never executed
branch  2 never executed
    #####:  121:    endBarBackground.setOutlineThickness(10);
    $$$$$:  121-block  0
call    0 never executed
branch  1 never executed
branch  2 never executed
        -:  122:
    #####:  123:    Text textbox;
    $$$$$:  123-block  0
call    0 never executed
branch  1 never executed
branch  2 never executed
call    3 never executed
    %%%%%:  123-block  1
call    4 never executed
    #####:  124:    Font font;
    $$$$$:  124-block  0
call    0 never executed
branch  1 never executed
branch  2 never executed
call    3 never executed
    %%%%%:  124-block  1
call    4 never executed
    #####:  125:    font.loadFromFile("../_Game/Minecraft.ttf");
    $$$$$:  125-block  0
call    0 never executed
call    1 never executed
branch  2 never executed
branch  3 never executed
    $$$$$:  125-block  1
call    4 never executed
branch  5 never executed
branch  6 never executed
    $$$$$:  125-block  2
call    7 never executed
call    8 never executed
    %%%%%:  125-block  3
call    9 never executed
    %%%%%:  125-block  4
    %%%%%:  125-block  5
call   10 never executed
    %%%%%:  125-block  6
    #####:  126:    textbox.setFont(font);
call    0 never executed
branch  1 never executed
branch  2 never executed
    #####:  127:    textbox.setCharacterSize(35);
    $$$$$:  127-block  0
call    0 never executed
branch  1 never executed
branch  2 never executed
    #####:  128:    textbox.setFillColor(Color::Yellow);
    $$$$$:  128-block  0
call    0 never executed
branch  1 never executed
branch  2 never executed
    #####:  129:    textbox.setPosition(endBarBackground.getPosition() + Vector2f(100,30));
    $$$$$:  129-block  0
call    0 never executed
call    1 never executed
branch  2 never executed
branch  3 never executed
    $$$$$:  129-block  1
call    4 never executed
call    5 never executed
branch  6 never executed
branch  7 never executed
    %%%%%:  129-block  2
    %%%%%:  129-block  3
    #####:  130:    textbox.setString("KONIEC GRY");
    $$$$$:  130-block  0
call    0 never executed
call    1 never executed
branch  2 never executed
branch  3 never executed
    $$$$$:  130-block  1
call    4 never executed
branch  5 never executed
branch  6 never executed
    $$$$$:  130-block  2
call    7 never executed
call    8 never executed
    %%%%%:  130-block  3
call    9 never executed
    %%%%%:  130-block  4
    %%%%%:  130-block  5
call   10 never executed
    %%%%%:  130-block  6
        -:  131:
    #####:  132:    Text wynik = textbox;
call    0 never executed
branch  1 never executed
branch  2 never executed
call    3 never executed
    %%%%%:  132-block  0
call    4 never executed
    #####:  133:    wynik.setCharacterSize(25);
    $$$$$:  133-block  0
call    0 never executed
branch  1 never executed
branch  2 never executed
    #####:  134:    wynik.setPosition(endBarBackground.getPosition() + Vector2f(150,80));
    $$$$$:  134-block  0
call    0 never executed
call    1 never executed
branch  2 never executed
branch  3 never executed
    $$$$$:  134-block  1
call    4 never executed
call    5 never executed
branch  6 never executed
branch  7 never executed
    %%%%%:  134-block  2
    %%%%%:  134-block  3
    #####:  135:    wynik.setFillColor(Color::Blue);
    $$$$$:  135-block  0
call    0 never executed
branch  1 never executed
branch  2 never executed
    #####:  136:    wynik.setString("Blue: " + std::to_string(playerOne));
    $$$$$:  136-block  0
call    0 never executed
call    1 never executed
branch  2 never executed
branch  3 never executed
    $$$$$:  136-block  1
call    4 never executed
branch  5 never executed
branch  6 never executed
    $$$$$:  136-block  2
call    7 never executed
branch  8 never executed
branch  9 never executed
    $$$$$:  136-block  3
call   10 never executed
branch 11 never executed
branch 12 never executed
    $$$$$:  136-block  4
call   13 never executed
call   14 never executed
call   15 never executed
call   16 never executed
    %%%%%:  136-block  5
call   17 never executed
    %%%%%:  136-block  6
    %%%%%:  136-block  7
call   18 never executed
    %%%%%:  136-block  8
    %%%%%:  136-block  9
call   19 never executed
    %%%%%:  136-block 10
    %%%%%:  136-block 11
call   20 never executed
    %%%%%:  136-block 12
    #####:  137:    Text wynik2 = wynik;
call    0 never executed
branch  1 never executed
branch  2 never executed
    $$$$$:  137-block  0
call    3 never executed
    %%%%%:  137-block  1
call    4 never executed
    #####:  138:    wynik2.setFillColor(Color::Red);
    $$$$$:  138-block  0
call    0 never executed
branch  1 never executed
branch  2 never executed
    #####:  139:    wynik2.setPosition(endBarBackground.getPosition() + Vector2f(150,110));
    $$$$$:  139-block  0
call    0 never executed
call    1 never executed
branch  2 never executed
branch  3 never executed
    $$$$$:  139-block  1
call    4 never executed
call    5 never executed
branch  6 never executed
branch  7 never executed
    %%%%%:  139-block  2
    %%%%%:  139-block  3
    #####:  140:    wynik2.setString("Red: " + std::to_string(playerTwo));
    $$$$$:  140-block  0
call    0 never executed
call    1 never executed
branch  2 never executed
branch  3 never executed
    $$$$$:  140-block  1
call    4 never executed
branch  5 never executed
branch  6 never executed
    $$$$$:  140-block  2
call    7 never executed
branch  8 never executed
branch  9 never executed
    $$$$$:  140-block  3
call   10 never executed
branch 11 never executed
branch 12 never executed
    $$$$$:  140-block  4
call   13 never executed
call   14 never executed
call   15 never executed
call   16 never executed
    %%%%%:  140-block  5
call   17 never executed
    %%%%%:  140-block  6
    %%%%%:  140-block  7
call   18 never executed
    %%%%%:  140-block  8
    %%%%%:  140-block  9
call   19 never executed
    %%%%%:  140-block 10
    %%%%%:  140-block 11
call   20 never executed
    %%%%%:  140-block 12
        -:  141:
        -:  142:
        -:  143:
    #####:  144:    this->window->draw(endBarBackground);
call    0 never executed
branch  1 never executed
branch  2 never executed
    #####:  145:    this->window->draw(textbox);
    $$$$$:  145-block  0
call    0 never executed
branch  1 never executed
branch  2 never executed
    #####:  146:    this->window->draw(wynik);
    $$$$$:  146-block  0
call    0 never executed
branch  1 never executed
branch  2 never executed
    #####:  147:    this->window->draw(wynik2);
    $$$$$:  147-block  0
call    0 never executed
branch  1 never executed
branch  2 never executed
        -:  148:
    #####:  149:    if(but== nullptr) {
    $$$$$:  149-block  0
branch  0 never executed
branch  1 never executed
    #####:  150:        but = new Button("Menu");
    $$$$$:  150-block  0
call    0 never executed
call    1 never executed
branch  2 never executed
branch  3 never executed
    $$$$$:  150-block  1
call    4 never executed
branch  5 never executed
branch  6 never executed
    $$$$$:  150-block  2
call    7 never executed
branch  8 never executed
branch  9 never executed
    $$$$$:  150-block  3
call   10 never executed
call   11 never executed
    %%%%%:  150-block  4
call   12 never executed
    %%%%%:  150-block  5
call   13 never executed
    %%%%%:  150-block  6
    %%%%%:  150-block  7
call   14 never executed
    %%%%%:  150-block  8
function _ZZN4Game14printEndScreenEvENKUlvE_cvPFvvEEv called 0 returned 0% blocks executed 0%
function _ZZN4Game14printEndScreenEvENUlvE_4_FUNEv called 0 returned 0% blocks executed 0%
function _ZZN4Game14printEndScreenEvENKUlvE_clEv called 0 returned 0% blocks executed 0%
    #####:  151:        but->setOnClick([](){
call    0 never executed
call    1 never executed
    $$$$$:  151-block  0
    $$$$$:  151-block  1
    $$$$$:  151-block  2
    #####:  152:            RenderWindow* rw = &AppGUI::activeAppGui->window;
    #####:  153:            EventMenager::resetEvents();
    $$$$$:  153-block  0
call    0 never executed
    #####:  154:            Menu* m = new Menu(*rw);
call    0 never executed
call    1 never executed
branch  2 never executed
branch  3 never executed
    %%%%%:  154-block  0
call    4 never executed
    #####:  155:            AppGUI::activeAppGui->changeScene(*m);
    $$$$$:  155-block  0
call    0 never executed
    #####:  156:            but= nullptr;
    #####:  157:        });
    $$$$$:  157-block  0
    $$$$$:  157-block  1
call    0 never executed
        -:  158:    }
    #####:  159:    but->setPosition(340,300);
    $$$$$:  159-block  0
call    0 never executed
branch  1 never executed
branch  2 never executed
    #####:  160:    but->printButton(*this->window);
    $$$$$:  160-block  0
call    0 never executed
branch  1 never executed
branch  2 never executed
        -:  161:
    #####:  162:}
    %%%%%:  162-block  0
    %%%%%:  162-block  1
function _ZN4Game10printScoreEv called 1347 returned 100% blocks executed 58%
     1347:  163:void Game::printScore() {
     1347:  163-block  0
     1347:  164:    int playerOne=0;
     1347:  165:    int playerTwo=0;
    79473:  166:    for(Field* f : Field::getFieldsBoard()){
     1347:  166-block  0
call    0 returned 1347
call    1 returned 1347
call    2 returned 1347
    79473:  166-block  1
call    3 returned 79473
branch  4 taken 78126 (fallthrough)
branch  5 taken 1347
    78126:  166-block  2
call    6 returned 78126
    78126:  166-block  3
call    7 returned 78126
    78126:  167:        if(f->getCode()==board->player_one)playerOne++;
call    0 returned 78126
branch  1 taken 78126 (fallthrough)
branch  2 taken 0 (throw)
    78126:  167-block  0
branch  3 taken 4041 (fallthrough)
branch  4 taken 74085
     4041:  167-block  1
    78126:  168:        if(f->getCode()==board->player_two)playerTwo++;
    78126:  168-block  0
call    0 returned 78126
branch  1 taken 78126 (fallthrough)
branch  2 taken 0 (throw)
    78126:  168-block  1
branch  3 taken 4041 (fallthrough)
branch  4 taken 74085
     4041:  168-block  2
        -:  169:    }
     2694:  170:    Text textbox;
     1347:  170-block  0
call    0 returned 1347
branch  1 taken 1347 (fallthrough)
branch  2 taken 0 (throw)
call    3 returned 1347
    %%%%%:  170-block  1
call    4 never executed
     2694:  171:    Font font;
     1347:  171-block  0
call    0 returned 1347
branch  1 taken 1347 (fallthrough)
branch  2 taken 0 (throw)
call    3 returned 1347
    %%%%%:  171-block  1
call    4 never executed
     1347:  172:    font.loadFromFile("../_Game/Minecraft.ttf");
     1347:  172-block  0
call    0 returned 1347
call    1 returned 1347
branch  2 taken 1347 (fallthrough)
branch  3 taken 0 (throw)
     1347:  172-block  1
call    4 returned 1347
branch  5 taken 1347 (fallthrough)
branch  6 taken 0 (throw)
     1347:  172-block  2
call    7 returned 1347
call    8 returned 1347
    %%%%%:  172-block  3
call    9 never executed
    %%%%%:  172-block  4
    %%%%%:  172-block  5
call   10 never executed
    %%%%%:  172-block  6
     1347:  173:    textbox.setFont(font);
call    0 returned 1347
branch  1 taken 1347 (fallthrough)
branch  2 taken 0 (throw)
     1347:  174:    textbox.setCharacterSize(25);
     1347:  174-block  0
call    0 returned 1347
branch  1 taken 1347 (fallthrough)
branch  2 taken 0 (throw)
     1347:  175:    textbox.setFillColor(Color::Blue);
     1347:  175-block  0
call    0 returned 1347
branch  1 taken 1347 (fallthrough)
branch  2 taken 0 (throw)
     1347:  176:    textbox.setPosition(600,100);
     1347:  176-block  0
call    0 returned 1347
branch  1 taken 1347 (fallthrough)
branch  2 taken 0 (throw)
     1347:  177:    textbox.setString("Blue:\t"+ std::to_string(playerOne));
     1347:  177-block  0
call    0 returned 1347
call    1 returned 1347
branch  2 taken 1347 (fallthrough)
branch  3 taken 0 (throw)
     1347:  177-block  1
call    4 returned 1347
branch  5 taken 1347 (fallthrough)
branch  6 taken 0 (throw)
     1347:  177-block  2
call    7 returned 1347
branch  8 taken 1347 (fallthrough)
branch  9 taken 0 (throw)
     1347:  177-block  3
call   10 returned 1347
branch 11 taken 1347 (fallthrough)
branch 12 taken 0 (throw)
     1347:  177-block  4
call   13 returned 1347
call   14 returned 1347
call   15 returned 1347
call   16 returned 1347
    %%%%%:  177-block  5
call   17 never executed
    %%%%%:  177-block  6
    %%%%%:  177-block  7
call   18 never executed
    %%%%%:  177-block  8
    %%%%%:  177-block  9
call   19 never executed
    %%%%%:  177-block 10
    %%%%%:  177-block 11
call   20 never executed
    %%%%%:  177-block 12
     2694:  178:    Text textbox2 = textbox;
call    0 returned 1347
branch  1 taken 1347 (fallthrough)
branch  2 taken 0 (throw)
     1347:  178-block  0
call    3 returned 1347
    %%%%%:  178-block  1
call    4 never executed
     1347:  179:    textbox2.setFillColor(Color::Red);
     1347:  179-block  0
call    0 returned 1347
branch  1 taken 1347 (fallthrough)
branch  2 taken 0 (throw)
     1347:  180:    textbox2.setPosition(600,140);
     1347:  180-block  0
call    0 returned 1347
branch  1 taken 1347 (fallthrough)
branch  2 taken 0 (throw)
     1347:  181:    textbox2.setString("Red:\t"+ std::to_string(playerTwo));
     1347:  181-block  0
call    0 returned 1347
call    1 returned 1347
branch  2 taken 1347 (fallthrough)
branch  3 taken 0 (throw)
     1347:  181-block  1
call    4 returned 1347
branch  5 taken 1347 (fallthrough)
branch  6 taken 0 (throw)
     1347:  181-block  2
call    7 returned 1347
branch  8 taken 1347 (fallthrough)
branch  9 taken 0 (throw)
     1347:  181-block  3
call   10 returned 1347
branch 11 taken 1347 (fallthrough)
branch 12 taken 0 (throw)
     1347:  181-block  4
call   13 returned 1347
call   14 returned 1347
call   15 returned 1347
call   16 returned 1347
    %%%%%:  181-block  5
call   17 never executed
    %%%%%:  181-block  6
    %%%%%:  181-block  7
call   18 never executed
    %%%%%:  181-block  8
    %%%%%:  181-block  9
call   19 never executed
    %%%%%:  181-block 10
    %%%%%:  181-block 11
call   20 never executed
    %%%%%:  181-block 12
        -:  182:
     1347:  183:    window->draw(textbox);
call    0 returned 1347
branch  1 taken 1347 (fallthrough)
branch  2 taken 0 (throw)
     1347:  184:    window->draw(textbox2);
     1347:  184-block  0
call    0 returned 1347
branch  1 taken 1347 (fallthrough)
branch  2 taken 0 (throw)
     1347:  185:}
    %%%%%:  185-block  0
function _ZN4Game4tickEv called 1347 returned 100% blocks executed 80%
     1347:  186:void Game::tick() {
     1347:  186-block  0
     1347:  187:    Field::drawFiledBoard(*window);
     1347:  187-block  0
call    0 returned 1347
     1347:  188:    this->printScore();
call    0 returned 1347
     1347:  189:    if(endScreenFlag)endGame();
branch  0 taken 0 (fallthrough)
branch  1 taken 1347
    $$$$$:  189-block  0
call    2 never executed
function _GLOBAL__sub_I__ZN4Game11active_gameE called 1 returned 100% blocks executed 100%
function _Z41__static_initialization_and_destruction_0ii called 1 returned 100% blocks executed 100%
        4:  190:}
        1:  190-block  0
        1:  190-block  1
call    0 returned 1
        1:  190-block  2
        1:  190-block  3
branch  1 taken 1 (fallthrough)
branch  2 taken 0
        1:  190-block  4
branch  3 taken 1 (fallthrough)
branch  4 taken 0
