        -:    0:Source:C:/Users/oskar/Desktop/GraHexxagon_Projekt/_Menu/Menu.cpp
        -:    0:Graph:C:\Users\oskar\Desktop\GraHexxagon_Projekt\cmake-build-debug-coverage\CMakeFiles\GraHexxagon_Projekt.dir\_Menu\Menu.cpp.gcno
        -:    0:Data:C:\Users\oskar\Desktop\GraHexxagon_Projekt\cmake-build-debug-coverage\CMakeFiles\GraHexxagon_Projekt.dir\_Menu\Menu.cpp.gcda
        -:    0:Runs:1
        -:    0:Programs:1
        -:    1:#include "Button.h"
        -:    2:#include "Menu.h"
        -:    3:#include "../_Graphic/AppGUI.h"
        -:    4:#include "../_Game/Game.h"
        -:    5:#include "../_Game/Board.h"
        -:    6:#include "../_Graphic/EventMenager.h"
        -:    7:
        -:    8:Button* b1;
        -:    9:Button* b2;
function _ZN4MenuC2ERN2sf12RenderWindowE called 1 returned 100% blocks executed 58%
        2:   10:Menu::Menu(RenderWindow &window) {
        1:   10-block  0
        1:   10-block  1
call    0 returned 1
        1:   11:    this->window=&window;
        1:   12:    b1 = new Button("GRAJ Z GRACZEM");
call    0 returned 1
call    1 returned 1
branch  2 taken 1 (fallthrough)
branch  3 taken 0 (throw)
        1:   12-block  0
call    4 returned 1
branch  5 taken 1 (fallthrough)
branch  6 taken 0 (throw)
        1:   12-block  1
call    7 returned 1
branch  8 taken 1 (fallthrough)
branch  9 taken 0 (throw)
        1:   12-block  2
call   10 returned 1
call   11 returned 1
    %%%%%:   12-block  3
call   12 never executed
    %%%%%:   12-block  4
call   13 never executed
    %%%%%:   12-block  5
    %%%%%:   12-block  6
call   14 never executed
    %%%%%:   12-block  7
call   15 never executed
        1:   13:    b1->setPosition(150, 200);
call    0 returned 1
function _ZZN4MenuC4ERN2sf12RenderWindowEENKUlvE_cvPFvvEEv called 1 returned 100% blocks executed 100%
function _ZZN4MenuC4ERN2sf12RenderWindowEENUlvE_4_FUNEv called 1 returned 100% blocks executed 100%
function _ZZN4MenuC4ERN2sf12RenderWindowEENKUlvE_clEv called 1 returned 100% blocks executed 73%
        4:   14:    b1->setOnClick([](){
call    0 returned 1
call    1 returned 1
        1:   14-block  0
        1:   14-block  1
        1:   14-block  2
        1:   15:        RenderWindow* rw = &AppGUI::activeAppGui->window;
        1:   16:        EventMenager::resetEvents();
        1:   16-block  0
call    0 returned 1
        1:   17:        Game *g = new Game(*rw, new Board(), false);
call    0 returned 1
call    1 returned 1
branch  2 taken 1 (fallthrough)
branch  3 taken 0 (throw)
        1:   17-block  0
call    4 returned 1
call    5 returned 1
branch  6 taken 1 (fallthrough)
branch  7 taken 0 (throw)
    %%%%%:   17-block  1
call    8 never executed
call    9 never executed
    %%%%%:   17-block  2
call   10 never executed
        1:   18:        AppGUI::activeAppGui->changeScene(*g);
        1:   18-block  0
call    0 returned 1
        3:   19:    });
        1:   19-block  0
        1:   19-block  1
call    0 returned 1
        1:   20:    b2 = new Button("GRAJ Z AI");
call    0 returned 1
call    1 returned 1
branch  2 taken 1 (fallthrough)
branch  3 taken 0 (throw)
        1:   20-block  0
call    4 returned 1
branch  5 taken 1 (fallthrough)
branch  6 taken 0 (throw)
        1:   20-block  1
call    7 returned 1
branch  8 taken 1 (fallthrough)
branch  9 taken 0 (throw)
        1:   20-block  2
call   10 returned 1
call   11 returned 1
    %%%%%:   20-block  3
call   12 never executed
    %%%%%:   20-block  4
call   13 never executed
    %%%%%:   20-block  5
    %%%%%:   20-block  6
call   14 never executed
        1:   21:    b2->setPosition(150, 270);
call    0 returned 1
function _ZZN4MenuC4ERN2sf12RenderWindowEENKUlvE0_cvPFvvEEv called 1 returned 100% blocks executed 100%
function _ZZN4MenuC4ERN2sf12RenderWindowEENUlvE0_4_FUNEv called 0 returned 0% blocks executed 0%
function _ZZN4MenuC4ERN2sf12RenderWindowEENKUlvE0_clEv called 0 returned 0% blocks executed 0%
        2:   22:    b2->setOnClick([](){
call    0 returned 1
call    1 returned 1
        1:   22-block  0
    $$$$$:   22-block  1
    $$$$$:   22-block  2
    #####:   23:        RenderWindow* rw = &AppGUI::activeAppGui->window;
    #####:   24:        EventMenager::resetEvents();
    $$$$$:   24-block  0
call    0 never executed
    #####:   25:        Game *g = new Game(*rw, new Board(), true);
call    0 never executed
call    1 never executed
branch  2 never executed
branch  3 never executed
    $$$$$:   25-block  0
call    4 never executed
call    5 never executed
branch  6 never executed
branch  7 never executed
    %%%%%:   25-block  1
call    8 never executed
call    9 never executed
    %%%%%:   25-block  2
call   10 never executed
    #####:   26:        AppGUI::activeAppGui->changeScene(*g);
    $$$$$:   26-block  0
call    0 never executed
        1:   27:    });
        1:   27-block  0
    $$$$$:   27-block  1
call    0 never executed
        1:   28:}
        -:   29:
function _ZN4Menu4tickEv called 4145 returned 100% blocks executed 100%
     4145:   30:void Menu::tick() {
     4145:   30-block  0
     4145:   31:    b1->printButton(*this->window);
     4145:   31-block  0
call    0 returned 4145
     4145:   32:    b2->printButton(*this->window);
call    0 returned 4145
function _GLOBAL__sub_I_b1 called 1 returned 100% blocks executed 100%
function _Z41__static_initialization_and_destruction_0ii called 1 returned 100% blocks executed 100%
        4:   33:}
        1:   33-block  0
        1:   33-block  1
call    0 returned 1
        1:   33-block  2
        1:   33-block  3
branch  1 taken 1 (fallthrough)
branch  2 taken 0
        1:   33-block  4
branch  3 taken 1 (fallthrough)
branch  4 taken 0
