        -:    0:Source:C:/Users/oskar/Desktop/GraHexxagon_Projekt/_Graphic/Scene.h
        -:    0:Graph:C:\Users\oskar\Desktop\GraHexxagon_Projekt\cmake-build-debug-coverage\CMakeFiles\GraHexxagon_Projekt.dir\_Menu\Menu.cpp.gcno
        -:    0:Data:C:\Users\oskar\Desktop\GraHexxagon_Projekt\cmake-build-debug-coverage\CMakeFiles\GraHexxagon_Projekt.dir\_Menu\Menu.cpp.gcda
        -:    0:Runs:1
        -:    0:Programs:1
        -:    1:#ifndef GRAHEXXAGON_PROJEKT_SCENE_H
        -:    2:#define GRAHEXXAGON_PROJEKT_SCENE_H
        -:    3:
function _ZN5SceneC2Ev called 0 returned 0% blocks executed 0%
    #####:    4:class Scene{
    $$$$$:    4-block  0
        -:    5:public:
function _ZN5Scene4tickEv called 0 returned 0% blocks executed 0%
    #####:    6:    virtual void tick(){};
    $$$$$:    6-block  0
        -:    7:};
        -:    8:
        -:    9:
        -:   10:#endif //GRAHEXXAGON_PROJEKT_SCENE_H
